2025-04-04 20:46:59,783 - INFO - [31m[1mWARNING: This is a development server. Do not use it in a production deployment. Use a production WSGI server instead.[0m
 * Running on http://127.0.0.1:5000
2025-04-04 20:46:59,783 - INFO - [33mPress CTRL+C to quit[0m
2025-04-04 20:46:59,784 - INFO -  * Restarting with stat
2025-04-04 20:47:03,841 - WARNING -  * Debugger is active!
2025-04-04 20:47:03,841 - INFO -  * Debugger PIN: 581-140-186
2025-04-04 20:47:03,872 - INFO - 127.0.0.1 - - [04/Apr/2025 20:47:03] "OPTIONS /recommendations HTTP/1.1" 200 -
2025-04-04 20:47:03,873 - INFO - Received request for portfolio: ['AAPL', 'BR', 'MRF.NS', 'NVDA']
2025-04-04 20:47:06,107 - ERROR - Error: The algorithm only supports (<class 'gymnasium.spaces.box.Box'>,) as action spaces but Discrete(2) was provided
Traceback (most recent call last):
  File "/home/cdrv5/Projects/Github_Project/stock-market-app/server/api/main.py", line 292, in recommend_stocks
    'aggressive': DDPG('MlpPolicy', env, verbose=1, device='cpu',
  File "/home/cdrv5/Projects/Github_Project/stock-market-app/server/api/env/lib/python3.10/site-packages/stable_baselines3/ddpg/ddpg.py", line 79, in __init__
    super().__init__(
  File "/home/cdrv5/Projects/Github_Project/stock-market-app/server/api/env/lib/python3.10/site-packages/stable_baselines3/td3/td3.py", line 106, in __init__
    super().__init__(
  File "/home/cdrv5/Projects/Github_Project/stock-market-app/server/api/env/lib/python3.10/site-packages/stable_baselines3/common/off_policy_algorithm.py", line 110, in __init__
    super().__init__(
  File "/home/cdrv5/Projects/Github_Project/stock-market-app/server/api/env/lib/python3.10/site-packages/stable_baselines3/common/base_class.py", line 180, in __init__
    assert isinstance(self.action_space, supported_action_spaces), (
AssertionError: The algorithm only supports (<class 'gymnasium.spaces.box.Box'>,) as action spaces but Discrete(2) was provided

2025-04-04 20:47:06,108 - INFO - 127.0.0.1 - - [04/Apr/2025 20:47:06] "[35m[1mPOST /recommendations HTTP/1.1[0m" 500 -
2025-04-04 20:48:50,673 - INFO -  * Detected change in '/home/cdrv5/Projects/Github_Project/stock-market-app/server/api/main.py', reloading
2025-04-04 20:48:51,812 - INFO -  * Restarting with stat
2025-04-04 20:48:55,778 - WARNING -  * Debugger is active!
2025-04-04 20:48:55,779 - INFO -  * Debugger PIN: 581-140-186
2025-04-04 20:49:05,763 - INFO -  * Detected change in '/home/cdrv5/Projects/Github_Project/stock-market-app/server/api/main.py', reloading
2025-04-04 20:49:06,687 - INFO -  * Restarting with stat
2025-04-04 20:49:10,370 - WARNING -  * Debugger is active!
2025-04-04 20:49:10,370 - INFO -  * Debugger PIN: 581-140-186
2025-04-04 20:49:36,718 - INFO -  * Detected change in '/home/cdrv5/Projects/Github_Project/stock-market-app/server/api/main.py', reloading
2025-04-04 20:49:37,604 - INFO -  * Restarting with stat
2025-04-04 20:49:41,290 - WARNING -  * Debugger is active!
2025-04-04 20:49:41,290 - INFO -  * Debugger PIN: 581-140-186
2025-04-04 20:50:25,172 - INFO -  * Detected change in '/home/cdrv5/Projects/Github_Project/stock-market-app/server/api/main.py', reloading
2025-04-04 20:50:26,020 - INFO -  * Restarting with stat
2025-04-04 20:50:29,778 - WARNING -  * Debugger is active!
2025-04-04 20:50:29,778 - INFO -  * Debugger PIN: 581-140-186
2025-04-04 20:50:47,382 - INFO -  * Detected change in '/home/cdrv5/Projects/Github_Project/stock-market-app/server/api/main.py', reloading
2025-04-04 20:50:48,244 - INFO -  * Restarting with stat
2025-04-04 20:50:52,201 - WARNING -  * Debugger is active!
2025-04-04 20:50:52,201 - INFO -  * Debugger PIN: 581-140-186
2025-04-04 20:50:56,634 - INFO -  * Detected change in '/home/cdrv5/Projects/Github_Project/stock-market-app/server/api/main.py', reloading
2025-04-04 20:50:57,636 - INFO -  * Restarting with stat
2025-04-04 20:51:01,545 - WARNING -  * Debugger is active!
2025-04-04 20:51:01,545 - INFO -  * Debugger PIN: 581-140-186
2025-04-04 20:51:03,868 - INFO - 127.0.0.1 - - [04/Apr/2025 20:51:03] "OPTIONS /recommendations HTTP/1.1" 200 -
2025-04-04 20:51:03,872 - INFO - Received request for portfolio: ['AAPL', 'BR', 'MRF.NS', 'NVDA']
2025-04-04 20:51:06,127 - INFO - Training conservative agent...
2025-04-04 20:51:06,137 - ERROR - Error: setting an array element with a sequence. The requested array has an inhomogeneous shape after 1 dimensions. The detected shape was (17,) + inhomogeneous part.
Traceback (most recent call last):
  File "/home/cdrv5/Projects/Github_Project/stock-market-app/server/api/main.py", line 291, in recommend_stocks
    model.learn(total_timesteps=15000)
  File "/home/cdrv5/Projects/Github_Project/stock-market-app/server/api/env/lib/python3.10/site-packages/stable_baselines3/ppo/ppo.py", line 311, in learn
    return super().learn(
  File "/home/cdrv5/Projects/Github_Project/stock-market-app/server/api/env/lib/python3.10/site-packages/stable_baselines3/common/on_policy_algorithm.py", line 310, in learn
    total_timesteps, callback = self._setup_learn(
  File "/home/cdrv5/Projects/Github_Project/stock-market-app/server/api/env/lib/python3.10/site-packages/stable_baselines3/common/base_class.py", line 423, in _setup_learn
    self._last_obs = self.env.reset()  # type: ignore[assignment]
  File "/home/cdrv5/Projects/Github_Project/stock-market-app/server/api/env/lib/python3.10/site-packages/stable_baselines3/common/vec_env/dummy_vec_env.py", line 77, in reset
    obs, self.reset_infos[env_idx] = self.envs[env_idx].reset(seed=self._seeds[env_idx], **maybe_options)
  File "/home/cdrv5/Projects/Github_Project/stock-market-app/server/api/main.py", line 216, in reset
    return self._get_states(), {}
  File "/home/cdrv5/Projects/Github_Project/stock-market-app/server/api/main.py", line 233, in _get_states
    return self._normalize_state(np.array(state, dtype=np.float32))
ValueError: setting an array element with a sequence. The requested array has an inhomogeneous shape after 1 dimensions. The detected shape was (17,) + inhomogeneous part.

2025-04-04 20:51:06,138 - INFO - 127.0.0.1 - - [04/Apr/2025 20:51:06] "[35m[1mPOST /recommendations HTTP/1.1[0m" 500 -
2025-04-04 20:51:35,158 - INFO -  * Detected change in '/home/cdrv5/Projects/Github_Project/stock-market-app/server/api/main.py', reloading
2025-04-04 20:51:36,083 - INFO -  * Restarting with stat
2025-04-04 20:51:40,033 - WARNING -  * Debugger is active!
2025-04-04 20:51:40,034 - INFO -  * Debugger PIN: 581-140-186
2025-04-04 20:51:40,065 - INFO - 127.0.0.1 - - [04/Apr/2025 20:51:40] "OPTIONS /recommendations HTTP/1.1" 200 -
2025-04-04 20:51:40,067 - INFO - Received request for portfolio: ['AAPL', 'BR', 'MRF.NS', 'NVDA']
2025-04-04 20:51:43,194 - INFO - Training conservative agent...
2025-04-04 20:51:43,202 - ERROR - Error: setting an array element with a sequence. The requested array has an inhomogeneous shape after 1 dimensions. The detected shape was (17,) + inhomogeneous part.
Traceback (most recent call last):
  File "/home/cdrv5/Projects/Github_Project/stock-market-app/server/api/main.py", line 291, in recommend_stocks
    model.learn(total_timesteps=15000)
  File "/home/cdrv5/Projects/Github_Project/stock-market-app/server/api/env/lib/python3.10/site-packages/stable_baselines3/ppo/ppo.py", line 311, in learn
    return super().learn(
  File "/home/cdrv5/Projects/Github_Project/stock-market-app/server/api/env/lib/python3.10/site-packages/stable_baselines3/common/on_policy_algorithm.py", line 310, in learn
    total_timesteps, callback = self._setup_learn(
  File "/home/cdrv5/Projects/Github_Project/stock-market-app/server/api/env/lib/python3.10/site-packages/stable_baselines3/common/base_class.py", line 423, in _setup_learn
    self._last_obs = self.env.reset()  # type: ignore[assignment]
  File "/home/cdrv5/Projects/Github_Project/stock-market-app/server/api/env/lib/python3.10/site-packages/stable_baselines3/common/vec_env/dummy_vec_env.py", line 77, in reset
    obs, self.reset_infos[env_idx] = self.envs[env_idx].reset(seed=self._seeds[env_idx], **maybe_options)
  File "/home/cdrv5/Projects/Github_Project/stock-market-app/server/api/main.py", line 216, in reset
    return self._get_states(), {}
  File "/home/cdrv5/Projects/Github_Project/stock-market-app/server/api/main.py", line 233, in _get_states
    return self._normalize_state(np.array(state, dtype=np.float32))
ValueError: setting an array element with a sequence. The requested array has an inhomogeneous shape after 1 dimensions. The detected shape was (17,) + inhomogeneous part.

2025-04-04 20:51:43,203 - INFO - 127.0.0.1 - - [04/Apr/2025 20:51:43] "[35m[1mPOST /recommendations HTTP/1.1[0m" 500 -
2025-04-04 20:52:33,510 - INFO -  * Detected change in '/home/cdrv5/Projects/Github_Project/stock-market-app/server/api/main.py', reloading
2025-04-04 20:52:34,588 - INFO -  * Restarting with stat
2025-04-04 20:52:38,372 - WARNING -  * Debugger is active!
2025-04-04 20:52:38,372 - INFO -  * Debugger PIN: 581-140-186
2025-04-04 20:52:52,852 - INFO -  * Detected change in '/home/cdrv5/Projects/Github_Project/stock-market-app/server/api/main.py', reloading
2025-04-04 20:52:53,921 - INFO -  * Restarting with stat
2025-04-04 20:52:57,779 - WARNING -  * Debugger is active!
2025-04-04 20:52:57,779 - INFO -  * Debugger PIN: 581-140-186
2025-04-04 20:52:58,915 - INFO -  * Detected change in '/home/cdrv5/Projects/Github_Project/stock-market-app/server/api/main.py', reloading
2025-04-04 20:52:59,976 - INFO -  * Restarting with stat
2025-04-04 20:53:03,869 - WARNING -  * Debugger is active!
2025-04-04 20:53:03,869 - INFO -  * Debugger PIN: 581-140-186
2025-04-04 20:53:07,187 - INFO -  * Detected change in '/home/cdrv5/Projects/Github_Project/stock-market-app/server/api/main.py', reloading
2025-04-04 20:53:08,064 - INFO -  * Restarting with stat
2025-04-04 20:53:11,700 - WARNING -  * Debugger is active!
2025-04-04 20:53:11,700 - INFO -  * Debugger PIN: 581-140-186
2025-04-04 20:53:48,023 - INFO -  * Detected change in '/home/cdrv5/Projects/Github_Project/stock-market-app/server/api/main.py', reloading
2025-04-04 20:53:48,895 - INFO -  * Restarting with stat
2025-04-04 20:53:52,525 - WARNING -  * Debugger is active!
2025-04-04 20:53:52,525 - INFO -  * Debugger PIN: 581-140-186
2025-04-04 20:54:24,560 - INFO -  * Detected change in '/home/cdrv5/Projects/Github_Project/stock-market-app/server/api/main.py', reloading
2025-04-04 20:54:25,567 - INFO -  * Restarting with stat
2025-04-04 20:56:15,443 - INFO - [31m[1mWARNING: This is a development server. Do not use it in a production deployment. Use a production WSGI server instead.[0m
 * Running on http://127.0.0.1:5000
2025-04-04 20:56:15,443 - INFO - [33mPress CTRL+C to quit[0m
2025-04-04 20:56:15,444 - INFO -  * Restarting with stat
2025-04-04 20:56:19,323 - WARNING -  * Debugger is active!
2025-04-04 20:56:19,324 - INFO -  * Debugger PIN: 581-140-186
2025-04-04 20:56:19,353 - INFO - 127.0.0.1 - - [04/Apr/2025 20:56:19] "OPTIONS /recommendations HTTP/1.1" 200 -
2025-04-04 20:56:19,354 - INFO - Received request for portfolio: ['AAPL', 'BR', 'MRF.NS', 'NVDA']
2025-04-04 20:56:20,139 - ERROR - Error: name 'models' is not defined
Traceback (most recent call last):
  File "/home/cdrv5/Projects/Github_Project/stock-market-app/server/api/main.py", line 318, in recommend_stocks
    for agent_name, model in models.items():
NameError: name 'models' is not defined

2025-04-04 20:56:20,141 - INFO - 127.0.0.1 - - [04/Apr/2025 20:56:20] "[35m[1mPOST /recommendations HTTP/1.1[0m" 500 -
2025-04-04 20:56:28,183 - INFO -  * Detected change in '/home/cdrv5/Projects/Github_Project/stock-market-app/server/api/main.py', reloading
2025-04-04 20:56:29,061 - INFO -  * Restarting with stat
2025-04-04 20:56:32,919 - WARNING -  * Debugger is active!
2025-04-04 20:56:32,920 - INFO -  * Debugger PIN: 581-140-186
2025-04-04 20:56:32,952 - INFO - 127.0.0.1 - - [04/Apr/2025 20:56:32] "OPTIONS /recommendations HTTP/1.1" 200 -
2025-04-04 20:56:32,954 - INFO - Received request for portfolio: ['AAPL', 'BR', 'MRF.NS', 'NVDA']
2025-04-04 20:56:33,689 - INFO - Training conservative agent...
2025-04-04 20:56:33,689 - ERROR - Error: 'dict' object has no attribute 'learn'
Traceback (most recent call last):
  File "/home/cdrv5/Projects/Github_Project/stock-market-app/server/api/main.py", line 320, in recommend_stocks
    model.learn(total_timesteps=15000)
AttributeError: 'dict' object has no attribute 'learn'

2025-04-04 20:56:33,691 - INFO - 127.0.0.1 - - [04/Apr/2025 20:56:33] "[35m[1mPOST /recommendations HTTP/1.1[0m" 500 -
2025-04-04 20:57:25,894 - INFO -  * Detected change in '/home/cdrv5/Projects/Github_Project/stock-market-app/server/api/main.py', reloading
2025-04-04 20:57:26,756 - INFO -  * Restarting with stat
2025-04-04 20:57:30,511 - WARNING -  * Debugger is active!
2025-04-04 20:57:30,511 - INFO -  * Debugger PIN: 581-140-186
2025-04-04 20:57:30,540 - INFO - 127.0.0.1 - - [04/Apr/2025 20:57:30] "OPTIONS /recommendations HTTP/1.1" 200 -
2025-04-04 20:57:30,541 - INFO - Received request for portfolio: ['AAPL', 'BR', 'MRF.NS', 'NVDA']
2025-04-04 20:57:32,380 - INFO - Training conservative agent...
2025-04-04 20:57:32,388 - ERROR - Error: setting an array element with a sequence. The requested array has an inhomogeneous shape after 1 dimensions. The detected shape was (17,) + inhomogeneous part.
Traceback (most recent call last):
  File "/home/cdrv5/Projects/Github_Project/stock-market-app/server/api/main.py", line 308, in recommend_stocks
    model.learn(total_timesteps=15000)
  File "/home/cdrv5/Projects/Github_Project/stock-market-app/server/api/env/lib/python3.10/site-packages/stable_baselines3/ppo/ppo.py", line 311, in learn
    return super().learn(
  File "/home/cdrv5/Projects/Github_Project/stock-market-app/server/api/env/lib/python3.10/site-packages/stable_baselines3/common/on_policy_algorithm.py", line 310, in learn
    total_timesteps, callback = self._setup_learn(
  File "/home/cdrv5/Projects/Github_Project/stock-market-app/server/api/env/lib/python3.10/site-packages/stable_baselines3/common/base_class.py", line 423, in _setup_learn
    self._last_obs = self.env.reset()  # type: ignore[assignment]
  File "/home/cdrv5/Projects/Github_Project/stock-market-app/server/api/env/lib/python3.10/site-packages/stable_baselines3/common/vec_env/dummy_vec_env.py", line 77, in reset
    obs, self.reset_infos[env_idx] = self.envs[env_idx].reset(seed=self._seeds[env_idx], **maybe_options)
  File "/home/cdrv5/Projects/Github_Project/stock-market-app/server/api/main.py", line 218, in reset
    return self._normalize_state(self._get_states()), {}
  File "/home/cdrv5/Projects/Github_Project/stock-market-app/server/api/main.py", line 239, in _get_states
    return np.array(state, dtype=np.float32).flatten()
ValueError: setting an array element with a sequence. The requested array has an inhomogeneous shape after 1 dimensions. The detected shape was (17,) + inhomogeneous part.

2025-04-04 20:57:32,389 - INFO - 127.0.0.1 - - [04/Apr/2025 20:57:32] "[35m[1mPOST /recommendations HTTP/1.1[0m" 500 -
2025-04-04 20:58:35,339 - INFO -  * Detected change in '/home/cdrv5/Projects/Github_Project/stock-market-app/server/api/main.py', reloading
2025-04-04 20:58:36,361 - INFO -  * Restarting with stat
2025-04-04 20:58:40,144 - WARNING -  * Debugger is active!
2025-04-04 20:58:40,144 - INFO -  * Debugger PIN: 581-140-186
2025-04-04 21:02:13,498 - INFO - 127.0.0.1 - - [04/Apr/2025 21:02:13] "OPTIONS /recommendations HTTP/1.1" 200 -
2025-04-04 21:02:13,500 - INFO - Received request for portfolio: ['AAPL', 'BR', 'MRF.NS', 'NVDA']
2025-04-04 21:02:14,428 - INFO - Training conservative agent...
2025-04-04 21:02:14,428 - ERROR - Error: 'dict' object has no attribute 'learn'
Traceback (most recent call last):
  File "/home/cdrv5/Projects/Github_Project/stock-market-app/server/api/main.py", line 320, in recommend_stocks
    model.learn(total_timesteps=15000)
AttributeError: 'dict' object has no attribute 'learn'

2025-04-04 21:02:14,429 - INFO - 127.0.0.1 - - [04/Apr/2025 21:02:14] "[35m[1mPOST /recommendations HTTP/1.1[0m" 500 -
2025-04-04 21:02:26,030 - INFO -  * Detected change in '/home/cdrv5/Projects/Github_Project/stock-market-app/server/api/main.py', reloading
2025-04-04 21:02:26,971 - INFO -  * Restarting with stat
2025-04-04 21:02:30,913 - WARNING -  * Debugger is active!
2025-04-04 21:02:30,914 - INFO -  * Debugger PIN: 581-140-186
2025-04-04 21:02:30,944 - INFO - 127.0.0.1 - - [04/Apr/2025 21:02:30] "OPTIONS /recommendations HTTP/1.1" 200 -
2025-04-04 21:02:30,946 - INFO - Received request for portfolio: ['AAPL', 'BR', 'MRF.NS', 'NVDA']
2025-04-04 21:02:33,463 - INFO - Training conservative agent...
2025-04-04 21:02:33,472 - ERROR - Error: setting an array element with a sequence. The requested array has an inhomogeneous shape after 1 dimensions. The detected shape was (17,) + inhomogeneous part.
Traceback (most recent call last):
  File "/home/cdrv5/Projects/Github_Project/stock-market-app/server/api/main.py", line 308, in recommend_stocks
    model.learn(total_timesteps=15000)
  File "/home/cdrv5/Projects/Github_Project/stock-market-app/server/api/env/lib/python3.10/site-packages/stable_baselines3/ppo/ppo.py", line 311, in learn
    return super().learn(
  File "/home/cdrv5/Projects/Github_Project/stock-market-app/server/api/env/lib/python3.10/site-packages/stable_baselines3/common/on_policy_algorithm.py", line 310, in learn
    total_timesteps, callback = self._setup_learn(
  File "/home/cdrv5/Projects/Github_Project/stock-market-app/server/api/env/lib/python3.10/site-packages/stable_baselines3/common/base_class.py", line 423, in _setup_learn
    self._last_obs = self.env.reset()  # type: ignore[assignment]
  File "/home/cdrv5/Projects/Github_Project/stock-market-app/server/api/env/lib/python3.10/site-packages/stable_baselines3/common/vec_env/dummy_vec_env.py", line 77, in reset
    obs, self.reset_infos[env_idx] = self.envs[env_idx].reset(seed=self._seeds[env_idx], **maybe_options)
  File "/home/cdrv5/Projects/Github_Project/stock-market-app/server/api/main.py", line 218, in reset
    return self._normalize_state(self._get_states()), {}
  File "/home/cdrv5/Projects/Github_Project/stock-market-app/server/api/main.py", line 239, in _get_states
    return np.array(state, dtype=np.float32).flatten()
ValueError: setting an array element with a sequence. The requested array has an inhomogeneous shape after 1 dimensions. The detected shape was (17,) + inhomogeneous part.

2025-04-04 21:02:33,473 - INFO - 127.0.0.1 - - [04/Apr/2025 21:02:33] "[35m[1mPOST /recommendations HTTP/1.1[0m" 500 -
2025-04-04 21:04:03,980 - INFO -  * Detected change in '/home/cdrv5/Projects/Github_Project/stock-market-app/server/api/main.py', reloading
2025-04-04 21:04:04,872 - INFO -  * Restarting with stat
